[19-Jan-2025 00:11:50 UTC] Iniciando depuración del script...
[19-Jan-2025 00:11:50 UTC] Iniciando depuración del script...
[19-Jan-2025 00:41:46 UTC] Iniciando depuración del script...
[19-Jan-2025 00:41:46 UTC] Iniciando depuración del script...
[19-Jan-2025 00:43:42 UTC] Iniciando depuración del script...
[19-Jan-2025 00:43:42 UTC] Iniciando depuración del script...
[19-Jan-2025 00:53:10 UTC] Iniciando depuración del script...
[19-Jan-2025 00:53:10 UTC] Iniciando depuración del script...
[19-Jan-2025 00:53:10 UTC] Datos recibidos: Array
(
    [nombre] => Joshep Martinez
    [telefono] => 223155151252
    [email] => braianher5@gmail.com
    [motivo] => consulta1
    [mensaje] => wgagawgawg
)

[19-Jan-2025 00:53:10 UTC] Connection: opening to smtp.gmail.com:587, timeout=300, options=array()
[19-Jan-2025 00:53:10 UTC] Connection: opened
[19-Jan-2025 00:53:10 UTC] SERVER -> CLIENT: 220 smtp.gmail.com ESMTP d9443c01a7336-21c2d3acccesm36499775ad.123 - gsmtp

[19-Jan-2025 00:53:10 UTC] CLIENT -> SERVER: EHLO localhost

[19-Jan-2025 00:53:10 UTC] SERVER -> CLIENT: 250-smtp.gmail.com at your service, [186.153.101.8]
250-SIZE 35882577
250-8BITMIME
250-STARTTLS
250-ENHANCEDSTATUSCODES
250-PIPELINING
250-CHUNKING
250 SMTPUTF8

[19-Jan-2025 00:53:10 UTC] CLIENT -> SERVER: STARTTLS

[19-Jan-2025 00:53:10 UTC] SERVER -> CLIENT: 220 2.0.0 Ready to start TLS

[19-Jan-2025 00:53:10 UTC] CLIENT -> SERVER: EHLO localhost

[19-Jan-2025 00:53:11 UTC] SERVER -> CLIENT: 250-smtp.gmail.com at your service, [186.153.101.8]
250-SIZE 35882577
250-8BITMIME
250-AUTH LOGIN PLAIN XOAUTH2 PLAIN-CLIENTTOKEN OAUTHBEARER XOAUTH
250-ENHANCEDSTATUSCODES
250-PIPELINING
250-CHUNKING
250 SMTPUTF8

[19-Jan-2025 00:53:11 UTC] CLIENT -> SERVER: AUTH LOGIN

[19-Jan-2025 00:53:11 UTC] SERVER -> CLIENT: 334 VXNlcm5hbWU6

[19-Jan-2025 00:53:11 UTC] CLIENT -> SERVER: [credentials hidden]
[19-Jan-2025 00:53:11 UTC] SERVER -> CLIENT: 334 UGFzc3dvcmQ6

[19-Jan-2025 00:53:11 UTC] CLIENT -> SERVER: [credentials hidden]
[19-Jan-2025 00:53:11 UTC] SERVER -> CLIENT: 534-5.7.9 Application-specific password required. For more information, go to
534 5.7.9  https://support.google.com/mail/?p=InvalidSecondFactor d9443c01a7336-21c2d3acccesm36499775ad.123 - gsmtp

[19-Jan-2025 00:53:11 UTC] SMTP ERROR: Password command failed: 534-5.7.9 Application-specific password required. For more information, go to
534 5.7.9  https://support.google.com/mail/?p=InvalidSecondFactor d9443c01a7336-21c2d3acccesm36499775ad.123 - gsmtp

[19-Jan-2025 00:53:11 UTC] SMTP Error: Could not authenticate.
[19-Jan-2025 00:53:11 UTC] CLIENT -> SERVER: QUIT

[19-Jan-2025 00:53:11 UTC] SERVER -> CLIENT: 221 2.0.0 closing connection d9443c01a7336-21c2d3acccesm36499775ad.123 - gsmtp

[19-Jan-2025 00:53:11 UTC] Connection: closed
[19-Jan-2025 00:53:11 UTC] SMTP Error: Could not authenticate.
[19-Jan-2025 00:53:11 UTC] Error al enviar el correo: SMTP Error: Could not authenticate.
[19-Jan-2025 01:06:02 UTC] Iniciando depuración del script...
[19-Jan-2025 01:06:02 UTC] Iniciando depuración del script...
[19-Jan-2025 01:06:02 UTC] Datos recibidos: Array
(
    [nombre] => Joshep Martinez
    [telefono] => 223155151252
    [email] => braianher5@gmail.com
    [motivo] => consulta2
    [mensaje] => ahawhawhawha
)

[19-Jan-2025 01:06:02 UTC] Connection: opening to smtp.gmail.com:587, timeout=300, options=array()
[19-Jan-2025 01:06:02 UTC] Connection: opened
[19-Jan-2025 01:06:02 UTC] SERVER -> CLIENT: 220 smtp.gmail.com ESMTP d2e1a72fcca58-72db26da506sm3846423b3a.87 - gsmtp

[19-Jan-2025 01:06:02 UTC] CLIENT -> SERVER: EHLO localhost

[19-Jan-2025 01:06:02 UTC] SERVER -> CLIENT: 250-smtp.gmail.com at your service, [186.153.101.8]
250-SIZE 35882577
250-8BITMIME
250-STARTTLS
250-ENHANCEDSTATUSCODES
250-PIPELINING
250-CHUNKING
250 SMTPUTF8

[19-Jan-2025 01:06:02 UTC] CLIENT -> SERVER: STARTTLS

[19-Jan-2025 01:06:02 UTC] SERVER -> CLIENT: 220 2.0.0 Ready to start TLS

[19-Jan-2025 01:06:02 UTC] CLIENT -> SERVER: EHLO localhost

[19-Jan-2025 01:06:02 UTC] SERVER -> CLIENT: 250-smtp.gmail.com at your service, [186.153.101.8]
250-SIZE 35882577
250-8BITMIME
250-AUTH LOGIN PLAIN XOAUTH2 PLAIN-CLIENTTOKEN OAUTHBEARER XOAUTH
250-ENHANCEDSTATUSCODES
250-PIPELINING
250-CHUNKING
250 SMTPUTF8

[19-Jan-2025 01:06:02 UTC] CLIENT -> SERVER: AUTH LOGIN

[19-Jan-2025 01:06:03 UTC] SERVER -> CLIENT: 334 VXNlcm5hbWU6

[19-Jan-2025 01:06:03 UTC] CLIENT -> SERVER: [credentials hidden]
[19-Jan-2025 01:06:03 UTC] SERVER -> CLIENT: 334 UGFzc3dvcmQ6

[19-Jan-2025 01:06:03 UTC] CLIENT -> SERVER: [credentials hidden]
[19-Jan-2025 01:06:03 UTC] SERVER -> CLIENT: 235 2.7.0 Accepted

[19-Jan-2025 01:06:03 UTC] CLIENT -> SERVER: MAIL FROM:<braianher5@gmail.com>

[19-Jan-2025 01:06:03 UTC] SERVER -> CLIENT: 250 2.1.0 OK d2e1a72fcca58-72db26da506sm3846423b3a.87 - gsmtp

[19-Jan-2025 01:06:03 UTC] CLIENT -> SERVER: RCPT TO:<braianher2016@gmail.com>

[19-Jan-2025 01:06:03 UTC] SERVER -> CLIENT: 250 2.1.5 OK d2e1a72fcca58-72db26da506sm3846423b3a.87 - gsmtp

[19-Jan-2025 01:06:03 UTC] CLIENT -> SERVER: DATA

[19-Jan-2025 01:06:04 UTC] SERVER -> CLIENT: 354 Go ahead d2e1a72fcca58-72db26da506sm3846423b3a.87 - gsmtp

[19-Jan-2025 01:06:04 UTC] CLIENT -> SERVER: Date: Sun, 19 Jan 2025 01:06:02 +0000

[19-Jan-2025 01:06:04 UTC] CLIENT -> SERVER: To: braianher2016@gmail.com

[19-Jan-2025 01:06:04 UTC] CLIENT -> SERVER: From: Joshep Martinez <braianher5@gmail.com>

[19-Jan-2025 01:06:04 UTC] CLIENT -> SERVER: Subject: Nuevo mensaje desde el formulario de contacto

[19-Jan-2025 01:06:04 UTC] CLIENT -> SERVER: Message-ID: <EQ2aMisCdoGM5hIdCdcDZnp2G5ZEjUZTnT6r5nYcn4@localhost>

[19-Jan-2025 01:06:04 UTC] CLIENT -> SERVER: X-Mailer: PHPMailer 6.9.3 (https://github.com/PHPMailer/PHPMailer)

[19-Jan-2025 01:06:04 UTC] CLIENT -> SERVER: MIME-Version: 1.0

[19-Jan-2025 01:06:04 UTC] CLIENT -> SERVER: Content-Type: text/html; charset=iso-8859-1

[19-Jan-2025 01:06:04 UTC] CLIENT -> SERVER: 

[19-Jan-2025 01:06:04 UTC] CLIENT -> SERVER: Nombre: Joshep Martinez<br>Email: braianher5@gmail.com<br>Mensaje: ahawhawhawha

[19-Jan-2025 01:06:04 UTC] CLIENT -> SERVER: 

[19-Jan-2025 01:06:04 UTC] CLIENT -> SERVER: .

[19-Jan-2025 01:06:04 UTC] SERVER -> CLIENT: 250 2.0.0 OK  1737248761 d2e1a72fcca58-72db26da506sm3846423b3a.87 - gsmtp

[19-Jan-2025 01:06:04 UTC] CLIENT -> SERVER: QUIT

[19-Jan-2025 01:06:04 UTC] SERVER -> CLIENT: 221 2.0.0 closing connection d2e1a72fcca58-72db26da506sm3846423b3a.87 - gsmtp

[19-Jan-2025 01:06:04 UTC] Connection: closed
